[11:40] 扫描完成
[11:45] 扫描完成
[11:50] 📊 神州信息 突然放量！量比16 换手2.29%
[11:50] 👀 安泰科技(000969) 接近买入区 现价23.26 还需跌2.0%
[11:50] 扫描完成
[11:55] 扫描完成
[12:00] 📊 厦门钨业 突然放量！量比57 换手2.09%
[12:00] 扫描完成
[12:05] 扫描完成
[12:10] 扫描完成
[12:15] 扫描完成
[12:20] 扫描完成
[12:25] 📊 神州信息 突然放量！量比16 换手2.29%
[12:25] 👀 安泰科技(000969) 接近买入区 现价23.26 还需跌2.0%
[12:25] 扫描完成
[12:30] 📊 厦门钨业 突然放量！量比57 换手2.09%
[12:30] 扫描完成
[12:35] 扫描完成
[12:40] 扫描完成
[12:45] 扫描完成
[12:50] 扫描完成
[12:55] 扫描完成
[13:00] 📊 神州信息 突然放量！量比16 换手2.29%
[13:00] 👀 安泰科技(000969) 接近买入区 现价23.26 还需跌2.0%
[13:00] 扫描完成
[13:05] 📊 厦门钨业 突然放量！量比57 换手2.32%
[13:05] 扫描完成
[13:10] 扫描完成
[13:15] 扫描完成
[13:20] 📈 厦门钨业 +3.3% 现价53.59
[13:20] 扫描完成
[13:25] 扫描完成
[13:30] 📊 神州信息 突然放量！量比16 换手2.55%
[13:30] 👀 安泰科技(000969) 接近买入区 现价23.23 还需跌1.9%
[13:30] 扫描完成
[13:35] 扫描完成
[13:40] 📊 厦门钨业 突然放量！量比57 换手3.08%
[13:40] 扫描完成
[13:45] 扫描完成
[13:50] 📉 神州信息 -3.1% 现价13.81
[13:50] 扫描完成
[13:55] 扫描完成
[14:00] 扫描完成
[14:05] 📊 神州信息 突然放量！量比16 换手2.87%
[14:05] 👀 安泰科技(000969) 接近买入区 现价23.08 还需跌1.2%
[14:05] 扫描完成
[14:10] 扫描完成
[14:15] 📊 厦门钨业 突然放量！量比57 换手3.54%
[14:15] 扫描完成
[14:20] 📉 神州信息 -3.0% 现价13.82
[14:20] 扫描完成
[14:25] 扫描完成
[14:30] 📈 厦门钨业 +3.3% 现价53.62
[14:30] 扫描完成
[14:35] 扫描完成
[14:40] 📊 神州信息 突然放量！量比16 换手3.14%
[14:40] 👀 安泰科技(000969) 接近买入区 现价23.39 还需跌2.6%
[14:40] 扫描完成
[14:45] 扫描完成
[14:50] 📊 厦门钨业 突然放量！量比57 换手4.04%
[14:50] 扫描完成
[14:55] 扫描完成
[15:00] 📈 厦门钨业 +4.0% 现价53.95
[15:00] 扫描完成
[15:05] 扫描完成
[15:10] 扫描完成
[15:15] 扫描完成
[15:20] 扫描完成
[15:25] 扫描完成
[15:30] 扫描完成
[15:35] 扫描完成
[15:40] 扫描完成
[15:45] 扫描完成
[15:50] 扫描完成
[15:55] 扫描完成
[09:00] 扫描完成
[09:05] 扫描完成
[09:10] 扫描完成
[09:15] 扫描完成
[09:20] 扫描完成
[09:25] 📊 神州信息 突然放量！量比15 换手0.0%
[09:25] 📊 厦门钨业 突然放量！量比59 换手0.0%
[09:25] ✅ 厦门钨业 V型反转！低-100.0%→现+0.3%
[09:25] 👀 安泰科技(000969) 接近买入区 现价23.59 还需跌3.5%
[09:25] 扫描完成
[09:30] 扫描完成
[09:35] 扫描完成
[09:40] 🚨 神州信息 逼近止损！现价13.56 止损13.2 距止损2.7%
[09:40] 扫描完成
[09:45] 扫描完成
[09:50] 扫描完成
[09:55] 📊 神州信息 突然放量！量比15 换手0.9%
[09:55] 📊 厦门钨业 突然放量！量比59 换手1.04%
[09:55] 👀 安泰科技(000969) 接近买入区 现价23.83 还需跌4.5%
[09:55] 扫描完成
[10:00] 📉 神州信息 -3.1% 现价13.46
[10:00] 扫描完成
[10:05] 扫描完成
[10:10] 扫描完成
[10:15] 🚨 神州信息 逼近止损！现价13.33 止损13.2 距止损1.0%
[10:15] 扫描完成
[10:20] 扫描完成
[10:25] 扫描完成
[10:30] 📊 神州信息 突然放量！量比15 换手1.72%
[10:30] 📊 厦门钨业 突然放量！量比59 换手1.54%
[10:30] 扫描完成
[10:35] 📉 神州信息 -3.6% 现价13.39
[10:35] 扫描完成
[10:40] 扫描完成
[10:45] 扫描完成
[10:50] 🚨 神州信息 逼近止损！现价13.33 止损13.2 距止损1.0%
[10:50] 扫描完成
[10:55] 扫描完成
[11:00] 📊 神州信息 突然放量！量比15 换手2.06%
[11:00] 📊 厦门钨业 突然放量！量比59 换手1.78%
[11:00] 扫描完成
[11:05] 📉 神州信息 -4.3% 现价13.29
[11:05] 扫描完成
[11:10] 📉 厦门钨业 -3.0% 现价52.32
[11:10] 扫描完成
[11:15] 扫描完成
[11:20] 🚨 厦门钨业 逼近止损！现价52.0 止损50.5 距止损3.0%
[11:20] 扫描完成
[11:25] 🚨 神州信息 逼近止损！现价13.19 止损13.2 距止损-0.1%
[11:25] 扫描完成
[11:30] 扫描完成
[11:35] 📊 神州信息 突然放量！量比15 换手2.36%
[11:35] 📊 厦门钨业 突然放量！量比59 换手2.08%
[11:35] 扫描完成
[11:40] 📉 神州信息 -5.1% 现价13.18
[11:40] 扫描完成
[11:45] 📉 厦门钨业 -3.9% 现价51.84
[11:45] 📊 格林美 突然放量！量比9 换手1.95%
[11:45] 扫描完成
[11:50] 🚨 厦门钨业 逼近止损！现价51.84 止损50.5 距止损2.7%
[11:50] 扫描完成
[11:55] 扫描完成
[12:00] 扫描完成
[12:05] 📊 厦门钨业 突然放量！量比59 换手2.08%
[12:05] 扫描完成
[12:10] 扫描完成
[12:15] 📉 厦门钨业 -3.9% 现价51.84
[12:15] 📊 格林美 突然放量！量比9 换手1.95%
[12:15] 扫描完成
[12:20] 扫描完成
[12:25] 🚨 厦门钨业 逼近止损！现价51.84 止损50.5 距止损2.7%
[12:25] 扫描完成
[12:30] 扫描完成
[12:35] 扫描完成
[12:40] 📊 厦门钨业 突然放量！量比59 换手2.08%
[12:40] 扫描完成
[12:45] 扫描完成
[12:50] 📉 厦门钨业 -3.9% 现价51.84
[12:50] 📊 格林美 突然放量！量比9 换手1.95%
[12:50] 扫描完成
[12:55] 扫描完成
[13:00] 🚨 厦门钨业 逼近止损！现价51.84 止损50.5 距止损2.7%
[13:00] 扫描完成
[13:05] 扫描完成
[13:10] 扫描完成
[13:15] 📊 厦门钨业 突然放量！量比59 换手2.28%
[13:15] 扫描完成
[13:20] 📉 厦门钨业 -3.7% 现价51.95
[13:20] 📊 格林美 突然放量！量比9 换手2.12%
[13:20] 扫描完成
[13:25] 扫描完成
[13:30] 扫描完成
[13:35] 🚨 厦门钨业 逼近止损！现价51.75 止损50.5 距止损2.5%
[13:35] 扫描完成
[13:40] 扫描完成
[13:45] 📊 厦门钨业 突然放量！量比59 换手2.54%
[13:45] 扫描完成
[13:50] 📉 厦门钨业 -4.5% 现价51.53
[13:50] 📊 格林美 突然放量！量比9 换手2.49%
[13:50] 扫描完成
[13:55] 扫描完成
[14:00] 扫描完成
[14:05] 🚨 厦门钨业 逼近止损！现价51.2 止损50.5 距止损1.4%
[14:05] 扫描完成
[14:10] 扫描完成
[14:15] 📊 厦门钨业 突然放量！量比59 换手2.86%
[14:15] 扫描完成
[14:20] 扫描完成
[14:25] 📉 厦门钨业 -4.4% 现价51.58
[14:25] 📊 格林美 突然放量！量比9 换手2.78%
[14:25] 扫描完成
[14:30] 扫描完成
[14:35] 🚨 厦门钨业 逼近止损！现价51.56 止损50.5 距止损2.1%
[14:35] 扫描完成
[14:40] 扫描完成
[14:45] 扫描完成
[14:50] 📊 厦门钨业 突然放量！量比59 换手3.19%
[14:50] 扫描完成
[14:55] 扫描完成
[15:00] 📉 厦门钨业 -4.5% 现价51.55
[15:00] 📊 格林美 突然放量！量比9 换手3.14%
[15:00] 扫描完成
[15:05] 扫描完成
[15:10] 扫描完成
[15:15] 扫描完成
[15:20] 扫描完成
[15:25] 扫描完成
[15:30] 扫描完成
[15:35] 扫描完成
[15:40] 扫描完成
[15:45] 扫描完成
[15:50] 扫描完成
[15:55] 扫描完成
[09:00] 扫描完成
[09:05] 扫描完成
[09:10] 扫描完成
[09:15] 扫描完成
[09:20] 扫描完成
[09:25] 🚨 厦门钨业 逼近止损！现价51.19 止损50.5 距止损1.4%
[09:25] 📊 厦门钨业 突然放量！量比57 换手0.0%
[09:25] 📊 格林美 突然放量！量比9 换手0.0%
[09:25] 扫描完成
[09:30] 扫描完成
[09:35] 扫描完成
[09:40] 扫描完成
[09:45] 扫描完成
[09:50] 扫描完成
[09:55] 扫描完成
[10:00] 🚨 厦门钨业 逼近止损！现价50.46 止损50.5 距止损-0.1%
[10:00] 📊 厦门钨业 突然放量！量比57 换手0.66%
[10:00] 📊 格林美 突然放量！量比9 换手0.94%
[10:00] 扫描完成
[10:05] 扫描完成
[10:10] 扫描完成
[10:15] 扫描完成
[10:20] 扫描完成
[10:25] 扫描完成
[10:30] 🚨 厦门钨业 逼近止损！现价51.03 止损50.5 距止损1.0%
[10:30] 📊 厦门钨业 突然放量！量比57 换手0.93%
[10:30] 📊 格林美 突然放量！量比9 换手1.37%
[10:30] 扫描完成
[10:35] ✅ 厦门钨业 V型反转！低-2.2%→现+0.5%
[10:35] 扫描完成
[10:40] 扫描完成
[10:45] 扫描完成
[10:50] 扫描完成
[10:55] 扫描完成
[11:00] 扫描完成
[11:05] 🚨 厦门钨业 逼近止损！现价51.92 止损50.5 距止损2.8%
[11:05] 📊 厦门钨业 突然放量！量比57 换手1.29%
[11:05] ✅ 厦门钨业 V型反转！低-2.2%→现+0.7%
[11:05] 📊 格林美 突然放量！量比9 换手1.69%
[11:05] 扫描完成
[11:10] 扫描完成
[11:15] 扫描完成
[11:20] 扫描完成
[11:25] 扫描完成
[11:30] 扫描完成
[11:35] 📊 厦门钨业 突然放量！量比57 换手1.46%
[11:35] ✅ 厦门钨业 V型反转！低-2.2%→现+1.1%
[11:35] 📊 格林美 突然放量！量比9 换手1.86%
[11:35] 扫描完成
[11:40] 扫描完成
[11:45] 扫描完成
[11:50] 扫描完成
[11:55] 扫描完成
[12:00] 扫描完成
[12:05] 扫描完成
[12:10] 📊 厦门钨业 突然放量！量比57 换手1.46%
[12:10] ✅ 厦门钨业 V型反转！低-2.2%→现+1.1%
[12:10] 📊 格林美 突然放量！量比9 换手1.86%
[12:10] 扫描完成
[12:15] 扫描完成
[12:20] 扫描完成
[12:25] 扫描完成
[12:30] 扫描完成
[12:35] 扫描完成
[12:40] 📊 厦门钨业 突然放量！量比57 换手1.46%
[12:40] ✅ 厦门钨业 V型反转！低-2.2%→现+1.1%
[12:40] 📊 格林美 突然放量！量比9 换手1.86%
[12:40] 扫描完成
[12:45] 扫描完成
[12:50] 扫描完成
[12:55] 扫描完成
[13:00] 扫描完成
[13:05] 🚨 厦门钨业 逼近止损！现价51.85 止损50.5 距止损2.7%
[13:05] 扫描完成
[13:10] 扫描完成
[13:15] 📊 厦门钨业 突然放量！量比57 换手1.63%
[13:15] ✅ 厦门钨业 V型反转！低-2.2%→现+0.7%
[13:15] 📊 格林美 突然放量！量比9 换手2.08%
[13:15] 扫描完成
[13:20] 扫描完成
[13:25] 扫描完成
[13:30] 扫描完成
[13:35] 扫描完成
[13:40] 扫描完成
[13:45] 📊 厦门钨业 突然放量！量比57 换手2.01%
[13:45] ✅ 厦门钨业 V型反转！低-2.2%→现+2.3%
[13:45] 📊 格林美 突然放量！量比9 换手2.45%
[13:45] 扫描完成
[13:50] 扫描完成
[13:55] 扫描完成
[14:00] 扫描完成
[14:05] 扫描完成
[14:10] 扫描完成
[14:15] 扫描完成
[14:20] 📊 厦门钨业 突然放量！量比57 换手2.45%
[14:20] ✅ 厦门钨业 V型反转！低-2.2%→现+2.1%
[14:20] 📊 格林美 突然放量！量比9 换手2.9%
[14:20] 扫描完成
[14:25] 扫描完成
[14:30] 扫描完成
[14:35] 扫描完成
[14:40] 扫描完成
[14:45] 扫描完成
[14:50] 📊 厦门钨业 突然放量！量比57 换手2.66%
[14:50] ✅ 厦门钨业 V型反转！低-2.2%→现+1.8%
[14:50] 📊 格林美 突然放量！量比9 换手3.3%
[14:50] 扫描完成
[14:55] 扫描完成
[15:00] 扫描完成
[15:05] 扫描完成
[15:10] 扫描完成
[15:15] 扫描完成
[15:20] 扫描完成
[15:25] 扫描完成
[15:30] 扫描完成
[15:35] 扫描完成
[15:40] 扫描完成
[15:45] 扫描完成
[15:50] 扫描完成
[15:55] 扫描完成
[09:00] 扫描完成
[09:05] 扫描完成
[09:10] 扫描完成
[09:15] 扫描完成
[09:20] 扫描完成
[09:25] 📊 厦门钨业 突然放量！量比58 换手0.0%
[09:25] ✅ 厦门钨业 V型反转！低-100.0%→现+1.3%
[09:25] 📊 格林美 突然放量！量比9 换手0.0%
[09:25] ✅ 格林美 V型反转！低-100.0%→现+0.1%
[09:25] ⬇️ 安泰科技(000969) 回调中 -2.0% 现价25.01 目标22.8
[09:25] 扫描完成
[09:30] 扫描完成
[09:35] 扫描完成
[09:40] 🚨 厦门钨业 逼近止损！现价51.82 止损50.5 距止损2.6%
[09:40] 扫描完成
[09:45] 扫描完成
[09:50] 扫描完成
[09:55] 📊 厦门钨业 突然放量！量比58 换手0.67%
[09:55] 📊 格林美 突然放量！量比9 换手0.85%
[09:55] ⬇️ 安泰科技(000969) 回调中 -5.9% 现价24.01 目标22.8
[09:55] 扫描完成
[10:00] ✅ 厦门钨业 V型反转！低-2.1%→现+1.2%
[10:00] 扫描完成
[10:05] 📈 厦门钨业 +3.6% 现价54.28
[10:05] 扫描完成
[10:10] 扫描完成
[10:15] 扫描完成
[10:20] 扫描完成
[10:25] 扫描完成
[10:30] 📊 厦门钨业 突然放量！量比58 换手3.48%
[10:30] ✅ 厦门钨业 V型反转！低-2.1%→现+5.6%
[10:30] 📊 格林美 突然放量！量比9 换手1.32%
[10:30] 📉 苏州固锝 -4.7% 现价12.68
[10:30] 📊 苏州固锝 突然放量！量比15 换手5.54%
[10:30] 扫描完成
[10:35] 扫描完成
[10:40] 📈 厦门钨业 +6.5% 现价55.78
[10:40] 👀 安泰科技(000969) 接近买入区 现价23.87 还需跌4.7%
[10:40] 扫描完成
[10:45] 扫描完成
[10:50] 扫描完成
[10:55] 扫描完成
[11:00] 扫描完成
[11:05] 📊 厦门钨业 突然放量！量比58 换手4.41%
[11:05] ✅ 厦门钨业 V型反转！低-2.1%→现+4.8%
[11:05] 📊 格林美 突然放量！量比9 换手1.64%
[11:05] 📉 苏州固锝 -4.6% 现价12.69
[11:05] 📊 苏州固锝 突然放量！量比15 换手6.43%
[11:05] 扫描完成
[11:10] 📈 厦门钨业 +4.8% 现价54.92
[11:10] 👀 安泰科技(000969) 接近买入区 现价23.77 还需跌4.3%
[11:10] 扫描完成
[11:15] 扫描完成
[11:20] 扫描完成
[11:25] 扫描完成
[11:30] 扫描完成
[11:35] 📊 厦门钨业 突然放量！量比58 换手4.69%
[11:35] ✅ 厦门钨业 V型反转！低-2.1%→现+5.0%
[11:35] 📊 格林美 突然放量！量比9 换手1.91%
[11:35] 📉 苏州固锝 -5.2% 现价12.61
[11:35] 📊 苏州固锝 突然放量！量比15 换手7.22%
[11:35] 扫描完成
[11:40] 📈 厦门钨业 +5.0% 现价55.02
[11:40] 👀 安泰科技(000969) 接近买入区 现价23.62 还需跌3.6%
[11:40] 扫描完成
[11:45] 扫描完成
[11:50] 扫描完成
[11:55] 扫描完成
[12:00] 扫描完成
[12:05] 📊 厦门钨业 突然放量！量比58 换手4.69%
[12:05] ✅ 厦门钨业 V型反转！低-2.1%→现+5.0%
[12:05] 📊 格林美 突然放量！量比9 换手1.91%
[12:05] 📉 苏州固锝 -5.2% 现价12.61
[12:05] 📊 苏州固锝 突然放量！量比15 换手7.22%
[12:05] 扫描完成
[12:10] 扫描完成
[12:15] 📈 厦门钨业 +5.0% 现价55.02
[12:15] 👀 安泰科技(000969) 接近买入区 现价23.62 还需跌3.6%
[12:15] 扫描完成
[12:20] 扫描完成
[12:25] 扫描完成
[12:30] 扫描完成
[12:35] 📊 厦门钨业 突然放量！量比58 换手4.69%
[12:35] ✅ 厦门钨业 V型反转！低-2.1%→现+5.0%
[12:35] 📊 格林美 突然放量！量比9 换手1.91%
[12:35] 📉 苏州固锝 -5.2% 现价12.61
[12:35] 📊 苏州固锝 突然放量！量比15 换手7.22%
[12:35] 扫描完成
[12:40] 扫描完成
[12:45] 📈 厦门钨业 +5.0% 现价55.02
[12:45] 👀 安泰科技(000969) 接近买入区 现价23.62 还需跌3.6%
[12:45] 扫描完成
[12:50] 扫描完成
[12:55] 扫描完成
[13:00] 扫描完成
[13:05] 📊 厦门钨业 突然放量！量比58 换手4.78%
[13:05] ✅ 厦门钨业 V型反转！低-2.1%→现+5.2%
[13:05] 📊 格林美 突然放量！量比9 换手1.97%
[13:05] 📉 苏州固锝 -5.6% 现价12.56
[13:05] 📊 苏州固锝 突然放量！量比15 换手7.45%
[13:05] 扫描完成
[13:10] 扫描完成
[13:15] 📈 厦门钨业 +6.2% 现价55.63
[13:15] 👀 安泰科技(000969) 接近买入区 现价23.45 还需跌2.9%
[13:15] 扫描完成
[13:20] 扫描完成
[13:25] 扫描完成
[13:30] 扫描完成
[13:35] 📊 厦门钨业 突然放量！量比58 换手5.13%
[13:35] ✅ 厦门钨业 V型反转！低-2.1%→现+5.2%
[13:35] 📊 格林美 突然放量！量比9 换手2.11%
[13:35] 📉 苏州固锝 -5.0% 现价12.63
[13:35] 📊 苏州固锝 突然放量！量比15 换手8.07%
[13:35] 扫描完成
[13:40] 扫描完成
[13:45] 📈 厦门钨业 +5.0% 现价55.0
[13:45] 👀 安泰科技(000969) 接近买入区 现价23.31 还需跌2.2%
[13:45] 扫描完成
[13:50] 扫描完成
[13:55] 扫描完成
[14:00] 扫描完成
[14:05] 扫描完成
[14:10] 📊 厦门钨业 突然放量！量比58 换手5.54%
[14:10] ✅ 厦门钨业 V型反转！低-2.1%→现+3.6%
[14:10] 📊 格林美 突然放量！量比9 换手2.53%
[14:10] 📉 苏州固锝 -6.3% 现价12.46
[14:10] 📊 苏州固锝 突然放量！量比15 换手9.16%
[14:10] 扫描完成
[14:15] 扫描完成
[14:20] 📈 厦门钨业 +3.6% 现价54.3
[14:20] 📉 格林美 -3.1% 现价7.76
[14:20] 👀 安泰科技(000969) 接近买入区 现价22.97 还需跌0.7%
[14:20] 扫描完成
[14:25] 扫描完成
[14:30] 扫描完成
[14:35] 扫描完成
[14:40] 扫描完成
[14:45] 📊 厦门钨业 突然放量！量比58 换手5.95%
[14:45] ✅ 厦门钨业 V型反转！低-2.1%→现+3.1%
[14:45] 📊 格林美 突然放量！量比9 换手3.02%
[14:45] 📉 苏州固锝 -6.5% 现价12.43
[14:45] 📊 苏州固锝 突然放量！量比15 换手10.39%
[14:45] 扫描完成
[14:50] 🚨 格林美 逼近止损！现价7.74 止损7.52 距止损2.9%
[14:50] 扫描完成
[14:55] 📈 厦门钨业 +3.4% 现价54.2
[14:55] 📉 格林美 -3.0% 现价7.77
[14:55] 👀 安泰科技(000969) 接近买入区 现价22.97 还需跌0.7%
[14:55] 扫描完成
[15:00] 扫描完成
[15:05] 扫描完成
[15:10] 扫描完成
[15:15] 扫描完成
[15:20] 扫描完成
[15:25] 扫描完成
[15:30] 扫描完成
[15:35] 扫描完成
[15:40] 扫描完成
[15:45] 扫描完成
[15:50] 扫描完成
[15:55] 扫描完成
